[0113/141507.660:ERROR:process_memory_win.cc(73)] ReadMemory at 0x7ff7981a0000 of 64 bytes failed: Only part of a ReadProcessMemory or WriteProcessMemory request was completed. (0x12B)
[0113/141507.850:WARNING:pe_image_reader.cc(340)] could not read dos header from C:\Program Files (x86)\Google\Chrome\Application\chrome.exe
[0113/141507.850:ERROR:process_memory_win.cc(73)] ReadMemory at 0x7ffb2d5c0000 of 64 bytes failed: Only part of a ReadProcessMemory or WriteProcessMemory request was completed. (0x12B)
[0113/141507.850:WARNING:pe_image_reader.cc(340)] could not read dos header from C:\WINDOWS\SYSTEM32\ntdll.dll
[0113/141507.850:ERROR:process_memory_win.cc(73)] ReadMemory at 0x7ffb2cc30000 of 64 bytes failed: Only part of a ReadProcessMemory or WriteProcessMemory request was completed. (0x12B)
[0113/141507.939:WARNING:pe_image_reader.cc(340)] could not read dos header from C:\WINDOWS\System32\KERNEL32.DLL
[0113/141507.939:ERROR:process_memory_win.cc(73)] ReadMemory at 0x7ffb2a7d0000 of 64 bytes failed: Only part of a ReadProcessMemory or WriteProcessMemory request was completed. (0x12B)
[0113/141507.939:WARNING:pe_image_reader.cc(340)] could not read dos header from C:\WINDOWS\System32\KERNELBASE.dll
[0113/141507.939:ERROR:process_memory_win.cc(73)] ReadMemory at 0x7ffaff440000 of 64 bytes failed: Only part of a ReadProcessMemory or WriteProcessMemory request was completed. (0x12B)
[0113/141507.939:WARNING:pe_image_reader.cc(340)] could not read dos header from C:\Program Files (x86)\Google\Chrome\Application\79.0.3945.117\chrome_elf.dll
[0113/141507.939:ERROR:process_memory_win.cc(73)] ReadMemory at 0x7ffb1dcb0000 of 64 bytes failed: Only part of a ReadProcessMemory or WriteProcessMemory request was completed. (0x12B)
[0113/141507.939:WARNING:pe_image_reader.cc(340)] could not read dos header from C:\WINDOWS\SYSTEM32\VERSION.dll
[0113/141507.939:ERROR:process_memory_win.cc(73)] ReadMemory at 0x7ffb2c8f0000 of 64 bytes failed: Only part of a ReadProcessMemory or WriteProcessMemory request was completed. (0x12B)
[0113/141507.939:WARNING:pe_image_reader.cc(340)] could not read dos header from C:\WINDOWS\System32\msvcrt.dll
[0113/141507.939:ERROR:process_memory_win.cc(73)] ReadMemory at 0x7ffb2a310000 of 64 bytes failed: Only part of a ReadProcessMemory or WriteProcessMemory request was completed. (0x12B)
[0113/141507.939:WARNING:pe_image_reader.cc(340)] could not read dos header from C:\WINDOWS\System32\bcryptPrimitives.dll
[0113/141507.939:ERROR:process_memory_win.cc(73)] ReadMemory at 0x7ffb2aa90000 of 64 bytes failed: Only part of a ReadProcessMemory or WriteProcessMemory request was completed. (0x12B)
[0113/141507.940:WARNING:pe_image_reader.cc(340)] could not read dos header from C:\WINDOWS\System32\ADVAPI32.dll
[0113/141507.940:ERROR:process_memory_win.cc(73)] ReadMemory at 0x7ffb2c820000 of 64 bytes failed: Only part of a ReadProcessMemory or WriteProcessMemory request was completed. (0x12B)
[0113/141507.940:WARNING:pe_image_reader.cc(340)] could not read dos header from C:\WINDOWS\System32\sechost.dll
[0113/141507.940:ERROR:process_memory_win.cc(73)] ReadMemory at 0x7ffb2c490000 of 64 bytes failed: Only part of a ReadProcessMemory or WriteProcessMemory request was completed. (0x12B)
[0113/141507.940:WARNING:pe_image_reader.cc(340)] could not read dos header from C:\WINDOWS\System32\RPCRT4.dll
[0113/141507.940:ERROR:process_memory_win.cc(73)] ReadMemory at 0x7ffadaf50000 of 64 bytes failed: Only part of a ReadProcessMemory or WriteProcessMemory request was completed. (0x12B)
[0113/141507.940:WARNING:pe_image_reader.cc(340)] could not read dos header from C:\Program Files (x86)\Google\Chrome\Application\79.0.3945.117\chrome_child.dll
[0113/141507.940:ERROR:process_memory_win.cc(73)] ReadMemory at 0x7ffb2c5c0000 of 64 bytes failed: Only part of a ReadProcessMemory or WriteProcessMemory request was completed. (0x12B)
[0113/141507.940:WARNING:pe_image_reader.cc(340)] could not read dos header from C:\WINDOWS\System32\OLEAUT32.dll
[0113/141507.940:ERROR:process_memory_win.cc(73)] ReadMemory at 0x7ffb2a6e0000 of 64 bytes failed: Only part of a ReadProcessMemory or WriteProcessMemory request was completed. (0x12B)
[0113/141507.940:WARNING:pe_image_reader.cc(340)] could not read dos header from C:\WINDOWS\System32\msvcp_win.dll
[0113/141507.940:ERROR:process_memory_win.cc(73)] ReadMemory at 0x7ffb2a390000 of 64 bytes failed: Only part of a ReadProcessMemory or WriteProcessMemory request was completed. (0x12B)
[0113/141507.940:WARNING:pe_image_reader.cc(340)] could not read dos header from C:\WINDOWS\System32\ucrtbase.dll
[0113/141507.940:ERROR:process_memory_win.cc(73)] ReadMemory at 0x7ffb2c130000 of 64 bytes failed: Only part of a ReadProcessMemory or WriteProcessMemory request was completed. (0x12B)
[0113/141507.940:WARNING:pe_image_reader.cc(340)] could not read dos header from C:\WINDOWS\System32\combase.dll
[0113/141507.940:ERROR:process_memory_win.cc(73)] ReadMemory at 0x7ffb2c7b0000 of 64 bytes failed: Only part of a ReadProcessMemory or WriteProcessMemory request was completed. (0x12B)
[0113/141507.940:WARNING:pe_image_reader.cc(340)] could not read dos header from C:\WINDOWS\System32\WS2_32.dll
[0113/141507.941:ERROR:process_memory_win.cc(73)] ReadMemory at 0x7ffb29b80000 of 64 bytes failed: Only part of a ReadProcessMemory or WriteProcessMemory request was completed. (0x12B)
[0113/141507.941:WARNING:pe_image_reader.cc(340)] could not read dos header from C:\WINDOWS\System32\WINTRUST.dll
[0113/141507.941:ERROR:process_memory_win.cc(73)] ReadMemory at 0x7ffb29940000 of 64 bytes failed: Only part of a ReadProcessMemory or WriteProcessMemory request was completed. (0x12B)
[0113/141507.941:WARNING:pe_image_reader.cc(340)] could not read dos header from C:\WINDOWS\System32\MSASN1.dll
[0113/141507.941:ERROR:process_memory_win.cc(73)] ReadMemory at 0x7ffb29990000 of 64 bytes failed: Only part of a ReadProcessMemory or WriteProcessMemory request was completed. (0x12B)
[0113/141507.941:WARNING:pe_image_reader.cc(340)] could not read dos header from C:\WINDOWS\System32\CRYPT32.dll
[0113/141507.941:ERROR:process_memory_win.cc(73)] ReadMemory at 0x7ffb28ed0000 of 64 bytes failed: Only part of a ReadProcessMemory or WriteProcessMemory request was completed. (0x12B)
[0113/141507.941:WARNING:pe_image_reader.cc(340)] could not read dos header from C:\WINDOWS\SYSTEM32\IPHLPAPI.DLL
[0113/141507.941:ERROR:process_memory_win.cc(73)] ReadMemory at 0x7ffb26770000 of 64 bytes failed: Only part of a ReadProcessMemory or WriteProcessMemory request was completed. (0x12B)
[0113/141507.941:WARNING:pe_image_reader.cc(340)] could not read dos header from C:\WINDOWS\SYSTEM32\WINMM.dll
[0113/141507.941:ERROR:process_memory_win.cc(73)] ReadMemory at 0x7ffb29800000 of 64 bytes failed: Only part of a ReadProcessMemory or WriteProcessMemory request was completed. (0x12B)
[0113/141507.941:WARNING:pe_image_reader.cc(340)] could not read dos header from C:\WINDOWS\SYSTEM32\USERENV.dll
[0113/141507.941:ERROR:process_memory_win.cc(73)] ReadMemory at 0x7ffb29960000 of 64 bytes failed: Only part of a ReadProcessMemory or WriteProcessMemory request was completed. (0x12B)
[0113/141507.941:WARNING:pe_image_reader.cc(340)] could not read dos header from C:\WINDOWS\System32\profapi.dll
[0113/141507.941:ERROR:process_memory_win.cc(73)] ReadMemory at 0x7ffb1fc60000 of 64 bytes failed: Only part of a ReadProcessMemory or WriteProcessMemory request was completed. (0x12B)
[0113/141507.941:WARNING:pe_image_reader.cc(340)] could not read dos header from C:\WINDOWS\SYSTEM32\DWrite.dll
[0113/141507.941:ERROR:process_memory_win.cc(73)] ReadMemory at 0x7ffb13d20000 of 64 bytes failed: Only part of a ReadProcessMemory or WriteProcessMemory request was completed. (0x12B)
[0113/141507.941:WARNING:pe_image_reader.cc(340)] could not read dos header from C:\WINDOWS\SYSTEM32\WINSPOOL.DRV
[0113/141507.941:ERROR:process_memory_win.cc(73)] ReadMemory at 0x7ffb298d0000 of 64 bytes failed: Only part of a ReadProcessMemory or WriteProcessMemory request was completed. (0x12B)
[0113/141507.941:WARNING:pe_image_reader.cc(340)] could not read dos header from C:\WINDOWS\System32\kernel.appcore.dll
[0113/141507.942:ERROR:process_memory_win.cc(73)] ReadMemory at 0x7ffb1c080000 of 64 bytes failed: Only part of a ReadProcessMemory or WriteProcessMemory request was completed. (0x12B)
[0113/141507.942:WARNING:pe_image_reader.cc(340)] could not read dos header from C:\WINDOWS\SYSTEM32\dbghelp.dll
[0113/141507.942:ERROR:process_memory_win.cc(73)] ReadMemory at 0x7ffb25070000 of 64 bytes failed: Only part of a ReadProcessMemory or WriteProcessMemory request was completed. (0x12B)
[0113/141507.942:WARNING:pe_image_reader.cc(340)] could not read dos header from C:\WINDOWS\SYSTEM32\Secur32.dll
[0113/141507.942:ERROR:process_memory_win.cc(73)] ReadMemory at 0x7ffb25280000 of 64 bytes failed: Only part of a ReadProcessMemory or WriteProcessMemory request was completed. (0x12B)
[0113/141507.942:WARNING:pe_image_reader.cc(340)] could not read dos header from C:\WINDOWS\SYSTEM32\WINHTTP.dll
[0113/141507.942:ERROR:process_memory_win.cc(73)] ReadMemory at 0x7ffb21e50000 of 64 bytes failed: Only part of a ReadProcessMemory or WriteProcessMemory request was completed. (0x12B)
[0113/141507.942:WARNING:pe_image_reader.cc(340)] could not read dos header from C:\WINDOWS\SYSTEM32\dhcpcsvc.DLL
[0113/141507.942:ERROR:process_memory_win.cc(73)] ReadMemory at 0x7ffb2aa80000 of 64 bytes failed: Only part of a ReadProcessMemory or WriteProcessMemory request was completed. (0x12B)
[0113/141507.942:WARNING:pe_image_reader.cc(340)] could not read dos header from C:\WINDOWS\System32\NSI.dll
[0113/141507.942:ERROR:process_memory_win.cc(73)] ReadMemory at 0x7ffb26740000 of 64 bytes failed: Only part of a ReadProcessMemory or WriteProcessMemory request was completed. (0x12B)
[0113/141507.942:WARNING:pe_image_reader.cc(340)] could not read dos header from C:\WINDOWS\SYSTEM32\WINMMBASE.dll
[0113/141507.942:ERROR:process_memory_win.cc(73)] ReadMemory at 0x7ffb2a780000 of 64 bytes failed: Only part of a ReadProcessMemory or WriteProcessMemory request was completed. (0x12B)
[0113/141507.942:WARNING:pe_image_reader.cc(340)] could not read dos header from C:\WINDOWS\System32\cfgmgr32.dll
[0113/141507.942:ERROR:process_memory_win.cc(73)] ReadMemory at 0x7ffb26380000 of 64 bytes failed: Only part of a ReadProcessMemory or WriteProcessMemory request was completed. (0x12B)
[0113/141507.942:WARNING:pe_image_reader.cc(340)] could not read dos header from C:\WINDOWS\SYSTEM32\PROPSYS.dll
[0113/141507.942:ERROR:process_memory_win.cc(73)] ReadMemory at 0x7ffb2c9f0000 of 64 bytes failed: Only part of a ReadProcessMemory or WriteProcessMemory request was completed. (0x12B)
[0113/141507.942:WARNING:pe_image_reader.cc(340)] could not read dos header from C:\WINDOWS\System32\shcore.dll
[0113/141507.943:ERROR:process_memory_win.cc(73)] ReadMemory at 0x7ffb29430000 of 64 bytes failed: Only part of a ReadProcessMemory or WriteProcessMemory request was completed. (0x12B)
[0113/141507.943:WARNING:pe_image_reader.cc(340)] could not read dos header from C:\WINDOWS\SYSTEM32\bcrypt.dll
[0113/141507.943:ERROR:process_memory_win.cc(73)] ReadMemory at 0x7ffb297d0000 of 64 bytes failed: Only part of a ReadProcessMemory or WriteProcessMemory request was completed. (0x12B)
[0113/141507.943:WARNING:pe_image_reader.cc(340)] could not read dos header from C:\WINDOWS\SYSTEM32\SSPICLI.DLL
[0113/141507.943:ERROR:process_memory_win.cc(73)] ReadMemory at 0x7ffb29320000 of 64 bytes failed: Only part of a ReadProcessMemory or WriteProcessMemory request was completed. (0x12B)
[0113/141507.943:WARNING:pe_image_reader.cc(340)] could not read dos header from C:\WINDOWS\SYSTEM32\CRYPTBASE.DLL
[0113/141507.943:ERROR:process_memory_win.cc(73)] ReadMemory at 0x7ff7981a0000 of 64 bytes failed: Only part of a ReadProcessMemory or WriteProcessMemory request was completed. (0x12B)
[0113/141507.943:WARNING:pe_image_reader.cc(340)] could not read dos header from C:\Program Files (x86)\Google\Chrome\Application\chrome.exe
[0113/141507.943:ERROR:process_memory_win.cc(73)] ReadMemory at 0x7ffb2d5c0000 of 64 bytes failed: Only part of a ReadProcessMemory or WriteProcessMemory request was completed. (0x12B)
[0113/141507.943:WARNING:pe_image_reader.cc(340)] could not read dos header from C:\WINDOWS\SYSTEM32\ntdll.dll
[0113/141507.943:ERROR:process_memory_win.cc(73)] ReadMemory at 0x7ffb2cc30000 of 64 bytes failed: Only part of a ReadProcessMemory or WriteProcessMemory request was completed. (0x12B)
[0113/141507.943:WARNING:pe_image_reader.cc(340)] could not read dos header from C:\WINDOWS\System32\KERNEL32.DLL
[0113/141507.943:ERROR:process_memory_win.cc(73)] ReadMemory at 0x7ffb2a7d0000 of 64 bytes failed: Only part of a ReadProcessMemory or WriteProcessMemory request was completed. (0x12B)
[0113/141507.943:WARNING:pe_image_reader.cc(340)] could not read dos header from C:\WINDOWS\System32\KERNELBASE.dll
[0113/141507.943:ERROR:process_memory_win.cc(73)] ReadMemory at 0x7ffaff440000 of 64 bytes failed: Only part of a ReadProcessMemory or WriteProcessMemory request was completed. (0x12B)
[0113/141507.943:WARNING:pe_image_reader.cc(340)] could not read dos header from C:\Program Files (x86)\Google\Chrome\Application\79.0.3945.117\chrome_elf.dll
[0113/141507.943:ERROR:process_memory_win.cc(73)] ReadMemory at 0x7ffb1dcb0000 of 64 bytes failed: Only part of a ReadProcessMemory or WriteProcessMemory request was completed. (0x12B)
[0113/141507.943:WARNING:pe_image_reader.cc(340)] could not read dos header from C:\WINDOWS\SYSTEM32\VERSION.dll
[0113/141507.943:ERROR:process_memory_win.cc(73)] ReadMemory at 0x7ffb2c8f0000 of 64 bytes failed: Only part of a ReadProcessMemory or WriteProcessMemory request was completed. (0x12B)
[0113/141507.943:WARNING:pe_image_reader.cc(340)] could not read dos header from C:\WINDOWS\System32\msvcrt.dll
[0113/141507.944:ERROR:process_memory_win.cc(73)] ReadMemory at 0x7ffb2a310000 of 64 bytes failed: Only part of a ReadProcessMemory or WriteProcessMemory request was completed. (0x12B)
[0113/141507.944:WARNING:pe_image_reader.cc(340)] could not read dos header from C:\WINDOWS\System32\bcryptPrimitives.dll
[0113/141507.944:ERROR:process_memory_win.cc(73)] ReadMemory at 0x7ffb2aa90000 of 64 bytes failed: Only part of a ReadProcessMemory or WriteProcessMemory request was completed. (0x12B)
[0113/141507.944:WARNING:pe_image_reader.cc(340)] could not read dos header from C:\WINDOWS\System32\ADVAPI32.dll
[0113/141507.944:ERROR:process_memory_win.cc(73)] ReadMemory at 0x7ffb2c820000 of 64 bytes failed: Only part of a ReadProcessMemory or WriteProcessMemory request was completed. (0x12B)
[0113/141507.944:WARNING:pe_image_reader.cc(340)] could not read dos header from C:\WINDOWS\System32\sechost.dll
[0113/141507.944:ERROR:process_memory_win.cc(73)] ReadMemory at 0x7ffb2c490000 of 64 bytes failed: Only part of a ReadProcessMemory or WriteProcessMemory request was completed. (0x12B)
[0113/141507.944:WARNING:pe_image_reader.cc(340)] could not read dos header from C:\WINDOWS\System32\RPCRT4.dll
[0113/141507.944:ERROR:process_memory_win.cc(73)] ReadMemory at 0x7ffadaf50000 of 64 bytes failed: Only part of a ReadProcessMemory or WriteProcessMemory request was completed. (0x12B)
[0113/141507.944:WARNING:pe_image_reader.cc(340)] could not read dos header from C:\Program Files (x86)\Google\Chrome\Application\79.0.3945.117\chrome_child.dll
[0113/141507.944:ERROR:process_memory_win.cc(73)] ReadMemory at 0x7ffb2c5c0000 of 64 bytes failed: Only part of a ReadProcessMemory or WriteProcessMemory request was completed. (0x12B)
[0113/141507.944:WARNING:pe_image_reader.cc(340)] could not read dos header from C:\WINDOWS\System32\OLEAUT32.dll
[0113/141507.944:ERROR:process_memory_win.cc(73)] ReadMemory at 0x7ffb2a6e0000 of 64 bytes failed: Only part of a ReadProcessMemory or WriteProcessMemory request was completed. (0x12B)
[0113/141507.944:WARNING:pe_image_reader.cc(340)] could not read dos header from C:\WINDOWS\System32\msvcp_win.dll
[0113/141507.944:ERROR:process_memory_win.cc(73)] ReadMemory at 0x7ffb2a390000 of 64 bytes failed: Only part of a ReadProcessMemory or WriteProcessMemory request was completed. (0x12B)
[0113/141507.944:WARNING:pe_image_reader.cc(340)] could not read dos header from C:\WINDOWS\System32\ucrtbase.dll
[0113/141507.944:ERROR:process_memory_win.cc(73)] ReadMemory at 0x7ffb2c130000 of 64 bytes failed: Only part of a ReadProcessMemory or WriteProcessMemory request was completed. (0x12B)
[0113/141508.020:WARNING:pe_image_reader.cc(340)] could not read dos header from C:\WINDOWS\System32\combase.dll
[0113/141508.020:ERROR:process_memory_win.cc(73)] ReadMemory at 0x7ffb2c7b0000 of 64 bytes failed: Only part of a ReadProcessMemory or WriteProcessMemory request was completed. (0x12B)
[0113/141508.020:WARNING:pe_image_reader.cc(340)] could not read dos header from C:\WINDOWS\System32\WS2_32.dll
[0113/141508.020:ERROR:process_memory_win.cc(73)] ReadMemory at 0x7ffb29b80000 of 64 bytes failed: Only part of a ReadProcessMemory or WriteProcessMemory request was completed. (0x12B)
[0113/141508.020:WARNING:pe_image_reader.cc(340)] could not read dos header from C:\WINDOWS\System32\WINTRUST.dll
[0113/141508.020:ERROR:process_memory_win.cc(73)] ReadMemory at 0x7ffb29940000 of 64 bytes failed: Only part of a ReadProcessMemory or WriteProcessMemory request was completed. (0x12B)
[0113/141508.020:WARNING:pe_image_reader.cc(340)] could not read dos header from C:\WINDOWS\System32\MSASN1.dll
[0113/141508.020:ERROR:process_memory_win.cc(73)] ReadMemory at 0x7ffb29990000 of 64 bytes failed: Only part of a ReadProcessMemory or WriteProcessMemory request was completed. (0x12B)
[0113/141508.020:WARNING:pe_image_reader.cc(340)] could not read dos header from C:\WINDOWS\System32\CRYPT32.dll
[0113/141508.020:ERROR:process_memory_win.cc(73)] ReadMemory at 0x7ffb28ed0000 of 64 bytes failed: Only part of a ReadProcessMemory or WriteProcessMemory request was completed. (0x12B)
[0113/141508.020:WARNING:pe_image_reader.cc(340)] could not read dos header from C:\WINDOWS\SYSTEM32\IPHLPAPI.DLL
[0113/141508.020:ERROR:process_memory_win.cc(73)] ReadMemory at 0x7ffb26770000 of 64 bytes failed: Only part of a ReadProcessMemory or WriteProcessMemory request was completed. (0x12B)
[0113/141508.020:WARNING:pe_image_reader.cc(340)] could not read dos header from C:\WINDOWS\SYSTEM32\WINMM.dll
[0113/141508.020:ERROR:process_memory_win.cc(73)] ReadMemory at 0x7ffb29800000 of 64 bytes failed: Only part of a ReadProcessMemory or WriteProcessMemory request was completed. (0x12B)
[0113/141508.020:WARNING:pe_image_reader.cc(340)] could not read dos header from C:\WINDOWS\SYSTEM32\USERENV.dll
[0113/141508.020:ERROR:process_memory_win.cc(73)] ReadMemory at 0x7ffb29960000 of 64 bytes failed: Only part of a ReadProcessMemory or WriteProcessMemory request was completed. (0x12B)
[0113/141508.020:WARNING:pe_image_reader.cc(340)] could not read dos header from C:\WINDOWS\System32\profapi.dll
[0113/141508.021:ERROR:process_memory_win.cc(73)] ReadMemory at 0x7ffb1fc60000 of 64 bytes failed: Only part of a ReadProcessMemory or WriteProcessMemory request was completed. (0x12B)
[0113/141508.021:WARNING:pe_image_reader.cc(340)] could not read dos header from C:\WINDOWS\SYSTEM32\DWrite.dll
[0113/141508.021:ERROR:process_memory_win.cc(73)] ReadMemory at 0x7ffb13d20000 of 64 bytes failed: Only part of a ReadProcessMemory or WriteProcessMemory request was completed. (0x12B)
[0113/141508.021:WARNING:pe_image_reader.cc(340)] could not read dos header from C:\WINDOWS\SYSTEM32\WINSPOOL.DRV
[0113/141508.021:ERROR:process_memory_win.cc(73)] ReadMemory at 0x7ffb298d0000 of 64 bytes failed: Only part of a ReadProcessMemory or WriteProcessMemory request was completed. (0x12B)
[0113/141508.021:WARNING:pe_image_reader.cc(340)] could not read dos header from C:\WINDOWS\System32\kernel.appcore.dll
[0113/141508.021:ERROR:process_memory_win.cc(73)] ReadMemory at 0x7ffb1c080000 of 64 bytes failed: Only part of a ReadProcessMemory or WriteProcessMemory request was completed. (0x12B)
[0113/141508.021:WARNING:pe_image_reader.cc(340)] could not read dos header from C:\WINDOWS\SYSTEM32\dbghelp.dll
[0113/141508.021:ERROR:process_memory_win.cc(73)] ReadMemory at 0x7ffb25070000 of 64 bytes failed: Only part of a ReadProcessMemory or WriteProcessMemory request was completed. (0x12B)
[0113/141508.021:WARNING:pe_image_reader.cc(340)] could not read dos header from C:\WINDOWS\SYSTEM32\Secur32.dll
[0113/141508.021:ERROR:process_memory_win.cc(73)] ReadMemory at 0x7ffb25280000 of 64 bytes failed: Only part of a ReadProcessMemory or WriteProcessMemory request was completed. (0x12B)
[0113/141508.021:WARNING:pe_image_reader.cc(340)] could not read dos header from C:\WINDOWS\SYSTEM32\WINHTTP.dll
[0113/141508.021:ERROR:process_memory_win.cc(73)] ReadMemory at 0x7ffb21e50000 of 64 bytes failed: Only part of a ReadProcessMemory or WriteProcessMemory request was completed. (0x12B)
[0113/141508.021:WARNING:pe_image_reader.cc(340)] could not read dos header from C:\WINDOWS\SYSTEM32\dhcpcsvc.DLL
[0113/141508.021:ERROR:process_memory_win.cc(73)] ReadMemory at 0x7ffb2aa80000 of 64 bytes failed: Only part of a ReadProcessMemory or WriteProcessMemory request was completed. (0x12B)
[0113/141508.021:WARNING:pe_image_reader.cc(340)] could not read dos header from C:\WINDOWS\System32\NSI.dll
[0113/141508.021:ERROR:process_memory_win.cc(73)] ReadMemory at 0x7ffb26740000 of 64 bytes failed: Only part of a ReadProcessMemory or WriteProcessMemory request was completed. (0x12B)
[0113/141508.021:WARNING:pe_image_reader.cc(340)] could not read dos header from C:\WINDOWS\SYSTEM32\WINMMBASE.dll
[0113/141508.021:ERROR:process_memory_win.cc(73)] ReadMemory at 0x7ffb2a780000 of 64 bytes failed: Only part of a ReadProcessMemory or WriteProcessMemory request was completed. (0x12B)
[0113/141508.021:WARNING:pe_image_reader.cc(340)] could not read dos header from C:\WINDOWS\System32\cfgmgr32.dll
[0113/141508.022:ERROR:process_memory_win.cc(73)] ReadMemory at 0x7ffb26380000 of 64 bytes failed: Only part of a ReadProcessMemory or WriteProcessMemory request was completed. (0x12B)
[0113/141508.022:WARNING:pe_image_reader.cc(340)] could not read dos header from C:\WINDOWS\SYSTEM32\PROPSYS.dll
[0113/141508.022:ERROR:process_memory_win.cc(73)] ReadMemory at 0x7ffb2c9f0000 of 64 bytes failed: Only part of a ReadProcessMemory or WriteProcessMemory request was completed. (0x12B)
[0113/141508.022:WARNING:pe_image_reader.cc(340)] could not read dos header from C:\WINDOWS\System32\shcore.dll
[0113/141508.022:ERROR:process_memory_win.cc(73)] ReadMemory at 0x7ffb29430000 of 64 bytes failed: Only part of a ReadProcessMemory or WriteProcessMemory request was completed. (0x12B)
[0113/141508.022:WARNING:pe_image_reader.cc(340)] could not read dos header from C:\WINDOWS\SYSTEM32\bcrypt.dll
[0113/141508.022:ERROR:process_memory_win.cc(73)] ReadMemory at 0x7ffb297d0000 of 64 bytes failed: Only part of a ReadProcessMemory or WriteProcessMemory request was completed. (0x12B)
[0113/141508.022:WARNING:pe_image_reader.cc(340)] could not read dos header from C:\WINDOWS\SYSTEM32\SSPICLI.DLL
[0113/141508.022:ERROR:process_memory_win.cc(73)] ReadMemory at 0x7ffb29320000 of 64 bytes failed: Only part of a ReadProcessMemory or WriteProcessMemory request was completed. (0x12B)
[0113/141508.022:WARNING:pe_image_reader.cc(340)] could not read dos header from C:\WINDOWS\SYSTEM32\CRYPTBASE.DLL
[0113/141508.071:ERROR:process_memory_win.cc(73)] ReadMemory at 0x91e3fe6000 of 106496 bytes failed: Only part of a ReadProcessMemory or WriteProcessMemory request was completed. (0x12B)
[0113/141508.071:ERROR:process_memory_win.cc(73)] ReadMemory at 0x91e4ffd000 of 12288 bytes failed: Only part of a ReadProcessMemory or WriteProcessMemory request was completed. (0x12B)
[0113/141508.072:ERROR:process_memory_win.cc(73)] ReadMemory at 0x91e5ffc000 of 16384 bytes failed: Only part of a ReadProcessMemory or WriteProcessMemory request was completed. (0x12B)
[0113/141508.072:ERROR:process_memory_win.cc(73)] ReadMemory at 0x91e67fc000 of 16384 bytes failed: Only part of a ReadProcessMemory or WriteProcessMemory request was completed. (0x12B)
[0113/141508.072:ERROR:process_memory_win.cc(73)] ReadMemory at 0x91e6ffe000 of 8192 bytes failed: Only part of a ReadProcessMemory or WriteProcessMemory request was completed. (0x12B)
[0113/141508.072:ERROR:process_memory_win.cc(73)] ReadMemory at 0x91e77fc000 of 16384 bytes failed: Only part of a ReadProcessMemory or WriteProcessMemory request was completed. (0x12B)
[0113/141508.072:ERROR:process_memory_win.cc(73)] ReadMemory at 0x91e7ffb000 of 20480 bytes failed: Only part of a ReadProcessMemory or WriteProcessMemory request was completed. (0x12B)
[0113/141508.073:ERROR:process_memory_win.cc(73)] ReadMemory at 0x91e87fb000 of 20480 bytes failed: Only part of a ReadProcessMemory or WriteProcessMemory request was completed. (0x12B)
[0113/141508.073:ERROR:process_memory_win.cc(73)] ReadMemory at 0x91e97fa000 of 24576 bytes failed: Only part of a ReadProcessMemory or WriteProcessMemory request was completed. (0x12B)
[0113/141508.073:ERROR:process_memory_win.cc(73)] ReadMemory at 0x91e9ffa000 of 24576 bytes failed: Only part of a ReadProcessMemory or WriteProcessMemory request was completed. (0x12B)
[0113/141508.073:ERROR:process_memory_win.cc(73)] ReadMemory at 0x91ea7fb000 of 20480 bytes failed: Only part of a ReadProcessMemory or WriteProcessMemory request was completed. (0x12B)
[0113/141508.073:ERROR:process_memory_win.cc(73)] ReadMemory at 0x91ebfee000 of 73728 bytes failed: Only part of a ReadProcessMemory or WriteProcessMemory request was completed. (0x12B)
[0113/141508.074:ERROR:process_memory_win.cc(73)] ReadMemory at 0x91ed7fd000 of 12288 bytes failed: Only part of a ReadProcessMemory or WriteProcessMemory request was completed. (0x12B)
[0113/141508.074:ERROR:process_memory_win.cc(73)] ReadMemory at 0x91e57ff000 of 4096 bytes failed: Only part of a ReadProcessMemory or WriteProcessMemory request was completed. (0x12B)
[0113/141508.074:ERROR:process_memory_win.cc(73)] ReadMemory at 0x91eaffc000 of 16384 bytes failed: Only part of a ReadProcessMemory or WriteProcessMemory request was completed. (0x12B)
[0113/141508.074:ERROR:process_memory_win.cc(73)] ReadMemory at 0x91e47ff000 of 4096 bytes failed: Only part of a ReadProcessMemory or WriteProcessMemory request was completed. (0x12B)
[0113/141508.075:ERROR:process_memory_win.cc(73)] ReadMemory at 0x91e36b1000 of 852 bytes failed: Only part of a ReadProcessMemory or WriteProcessMemory request was completed. (0x12B)
[0113/141508.075:ERROR:process_memory_win.cc(73)] ReadMemory at 0x91e36b2000 of 6024 bytes failed: Only part of a ReadProcessMemory or WriteProcessMemory request was completed. (0x12B)
[0113/141508.075:ERROR:process_memory_win.cc(73)] ReadMemory at 0x91e36b6000 of 6024 bytes failed: Only part of a ReadProcessMemory or WriteProcessMemory request was completed. (0x12B)
[0113/141508.075:ERROR:process_memory_win.cc(73)] ReadMemory at 0x91e36ba000 of 6024 bytes failed: Only part of a ReadProcessMemory or WriteProcessMemory request was completed. (0x12B)
[0113/141508.075:ERROR:process_memory_win.cc(73)] ReadMemory at 0x91e36bc000 of 6024 bytes failed: Only part of a ReadProcessMemory or WriteProcessMemory request was completed. (0x12B)
[0113/141508.075:ERROR:process_memory_win.cc(73)] ReadMemory at 0x91e36be000 of 6024 bytes failed: Only part of a ReadProcessMemory or WriteProcessMemory request was completed. (0x12B)
[0113/141508.076:ERROR:process_memory_win.cc(73)] ReadMemory at 0x91e36c0000 of 6024 bytes failed: Only part of a ReadProcessMemory or WriteProcessMemory request was completed. (0x12B)
[0113/141508.076:ERROR:process_memory_win.cc(73)] ReadMemory at 0x91e36c2000 of 6024 bytes failed: Only part of a ReadProcessMemory or WriteProcessMemory request was completed. (0x12B)
[0113/141508.076:ERROR:process_memory_win.cc(73)] ReadMemory at 0x91e36c4000 of 6024 bytes failed: Only part of a ReadProcessMemory or WriteProcessMemory request was completed. (0x12B)
[0113/141508.076:ERROR:process_memory_win.cc(73)] ReadMemory at 0x91e36c8000 of 6024 bytes failed: Only part of a ReadProcessMemory or WriteProcessMemory request was completed. (0x12B)
[0113/141508.076:ERROR:process_memory_win.cc(73)] ReadMemory at 0x91e36ca000 of 6024 bytes failed: Only part of a ReadProcessMemory or WriteProcessMemory request was completed. (0x12B)
[0113/141508.076:ERROR:process_memory_win.cc(73)] ReadMemory at 0x91e36cc000 of 6024 bytes failed: Only part of a ReadProcessMemory or WriteProcessMemory request was completed. (0x12B)
[0113/141508.077:ERROR:process_memory_win.cc(73)] ReadMemory at 0x91e36d2000 of 6024 bytes failed: Only part of a ReadProcessMemory or WriteProcessMemory request was completed. (0x12B)
[0113/141508.077:ERROR:process_memory_win.cc(73)] ReadMemory at 0x91e36ea000 of 6024 bytes failed: Only part of a ReadProcessMemory or WriteProcessMemory request was completed. (0x12B)
[0113/141508.077:ERROR:process_memory_win.cc(73)] ReadMemory at 0x91e374e000 of 6024 bytes failed: Only part of a ReadProcessMemory or WriteProcessMemory request was completed. (0x12B)
[0113/141508.077:ERROR:process_memory_win.cc(73)] ReadMemory at 0x91e3778000 of 6024 bytes failed: Only part of a ReadProcessMemory or WriteProcessMemory request was completed. (0x12B)
[0113/141508.077:ERROR:process_memory_win.cc(73)] ReadMemory at 0x91e377c000 of 6024 bytes failed: Only part of a ReadProcessMemory or WriteProcessMemory request was completed. (0x12B)
[0113/141508.077:ERROR:process_memory_win.cc(73)] ReadMemory at 0x24600166800 of 512 bytes failed: Only part of a ReadProcessMemory or WriteProcessMemory request was completed. (0x12B)
[0113/141508.078:ERROR:process_memory_win.cc(73)] ReadMemory at 0x246001708c0 of 512 bytes failed: Only part of a ReadProcessMemory or WriteProcessMemory request was completed. (0x12B)
[0113/141508.078:ERROR:process_memory_win.cc(73)] ReadMemory at 0x24600199940 of 712 bytes failed: Only part of a ReadProcessMemory or WriteProcessMemory request was completed. (0x12B)
[0113/141508.078:ERROR:process_memory_win.cc(73)] ReadMemory at 0x246001e49e0 of 512 bytes failed: Only part of a ReadProcessMemory or WriteProcessMemory request was completed. (0x12B)
[0113/141508.078:ERROR:process_memory_win.cc(73)] ReadMemory at 0x246001fda20 of 512 bytes failed: Only part of a ReadProcessMemory or WriteProcessMemory request was completed. (0x12B)
[0113/141508.078:ERROR:process_memory_win.cc(73)] ReadMemory at 0x24601fb9b28 of 512 bytes failed: Only part of a ReadProcessMemory or WriteProcessMemory request was completed. (0x12B)
[0113/141508.078:ERROR:process_memory_win.cc(73)] ReadMemory at 0x24601fba278 of 512 bytes failed: Only part of a ReadProcessMemory or WriteProcessMemory request was completed. (0x12B)
[0113/141508.078:ERROR:process_memory_win.cc(73)] ReadMemory at 0x24601fbaed8 of 512 bytes failed: Only part of a ReadProcessMemory or WriteProcessMemory request was completed. (0x12B)
[0113/141508.078:ERROR:process_memory_win.cc(73)] ReadMemory at 0x24602913740 of 512 bytes failed: Only part of a ReadProcessMemory or WriteProcessMemory request was completed. (0x12B)
[0113/141508.078:ERROR:process_memory_win.cc(73)] ReadMemory at 0x246039cead0 of 512 bytes failed: Only part of a ReadProcessMemory or WriteProcessMemory request was completed. (0x12B)
[0113/141508.079:ERROR:process_memory_win.cc(73)] ReadMemory at 0x24605ba6450 of 512 bytes failed: Only part of a ReadProcessMemory or WriteProcessMemory request was completed. (0x12B)
[0113/141508.079:ERROR:process_memory_win.cc(73)] ReadMemory at 0x246060fdd10 of 512 bytes failed: Only part of a ReadProcessMemory or WriteProcessMemory request was completed. (0x12B)
[0113/141508.079:ERROR:process_memory_win.cc(73)] ReadMemory at 0x2460bcee270 of 512 bytes failed: Only part of a ReadProcessMemory or WriteProcessMemory request was completed. (0x12B)
[0113/141508.079:ERROR:process_memory_win.cc(73)] ReadMemory at 0x2460e5f4fb0 of 512 bytes failed: Only part of a ReadProcessMemory or WriteProcessMemory request was completed. (0x12B)
[0113/141508.079:ERROR:process_memory_win.cc(73)] ReadMemory at 0x2467f6b0ab0 of 512 bytes failed: Only part of a ReadProcessMemory or WriteProcessMemory request was completed. (0x12B)
[0113/141508.079:ERROR:process_memory_win.cc(73)] ReadMemory at 0x2467f6b0fc0 of 3550 bytes failed: Only part of a ReadProcessMemory or WriteProcessMemory request was completed. (0x12B)
[0113/141508.079:ERROR:process_memory_win.cc(73)] ReadMemory at 0x2467f6b1db0 of 1012 bytes failed: Only part of a ReadProcessMemory or WriteProcessMemory request was completed. (0x12B)
[0113/141508.079:ERROR:process_memory_win.cc(73)] ReadMemory at 0x2467f6b23c8 of 118 bytes failed: Only part of a ReadProcessMemory or WriteProcessMemory request was completed. (0x12B)
[0113/141508.079:ERROR:process_memory_win.cc(73)] ReadMemory at 0x2467f6b2440 of 860 bytes failed: Only part of a ReadProcessMemory or WriteProcessMemory request was completed. (0x12B)
[0113/141508.080:ERROR:process_memory_win.cc(73)] ReadMemory at 0x2467f6b279e of 118 bytes failed: Only part of a ReadProcessMemory or WriteProcessMemory request was completed. (0x12B)
[0113/141508.080:ERROR:process_memory_win.cc(73)] ReadMemory at 0x2467f6b2816 of 102 bytes failed: Only part of a ReadProcessMemory or WriteProcessMemory request was completed. (0x12B)
[0113/141508.080:ERROR:process_memory_win.cc(73)] ReadMemory at 0x2467f6b2890 of 58 bytes failed: Only part of a ReadProcessMemory or WriteProcessMemory request was completed. (0x12B)
[0113/141508.080:ERROR:process_memory_win.cc(73)] ReadMemory at 0x2467f6b2990 of 132 bytes failed: Only part of a ReadProcessMemory or WriteProcessMemory request was completed. (0x12B)
[0113/141508.080:ERROR:process_memory_win.cc(73)] ReadMemory at 0x2467f6b2b20 of 132 bytes failed: Only part of a ReadProcessMemory or WriteProcessMemory request was completed. (0x12B)
[0113/141508.080:ERROR:process_memory_win.cc(73)] ReadMemory at 0x2467f6b2ce0 of 126 bytes failed: Only part of a ReadProcessMemory or WriteProcessMemory request was completed. (0x12B)
[0113/141508.080:ERROR:process_memory_win.cc(73)] ReadMemory at 0x2467f6b30c0 of 132 bytes failed: Only part of a ReadProcessMemory or WriteProcessMemory request was completed. (0x12B)
[0113/141508.081:ERROR:process_memory_win.cc(73)] ReadMemory at 0x2467f6b3250 of 64 bytes failed: Only part of a ReadProcessMemory or WriteProcessMemory request was completed. (0x12B)
[0113/141508.081:ERROR:process_memory_win.cc(73)] ReadMemory at 0x2467f6b32a0 of 132 bytes failed: Only part of a ReadProcessMemory or WriteProcessMemory request was completed. (0x12B)
[0113/141508.081:ERROR:process_memory_win.cc(73)] ReadMemory at 0x2467f6b3410 of 132 bytes failed: Only part of a ReadProcessMemory or WriteProcessMemory request was completed. (0x12B)
[0113/141508.081:ERROR:process_memory_win.cc(73)] ReadMemory at 0x2467f6b36a0 of 132 bytes failed: Only part of a ReadProcessMemory or WriteProcessMemory request was completed. (0x12B)
[0113/141508.081:ERROR:process_memory_win.cc(73)] ReadMemory at 0x2467f6b3830 of 68 bytes failed: Only part of a ReadProcessMemory or WriteProcessMemory request was completed. (0x12B)
[0113/141508.081:ERROR:process_memory_win.cc(73)] ReadMemory at 0x2467f6b4700 of 132 bytes failed: Only part of a ReadProcessMemory or WriteProcessMemory request was completed. (0x12B)
[0113/141508.081:ERROR:process_memory_win.cc(73)] ReadMemory at 0x2467f6b4890 of 154 bytes failed: Only part of a ReadProcessMemory or WriteProcessMemory request was completed. (0x12B)
[0113/141508.082:ERROR:process_memory_win.cc(73)] ReadMemory at 0x2467f6b5680 of 62 bytes failed: Only part of a ReadProcessMemory or WriteProcessMemory request was completed. (0x12B)
[0113/141508.082:ERROR:process_memory_win.cc(73)] ReadMemory at 0x2467f6b56d0 of 158 bytes failed: Only part of a ReadProcessMemory or WriteProcessMemory request was completed. (0x12B)
[0113/141508.082:ERROR:process_memory_win.cc(73)] ReadMemory at 0x2467f6b5c00 of 132 bytes failed: Only part of a ReadProcessMemory or WriteProcessMemory request was completed. (0x12B)
[0113/141508.082:ERROR:process_memory_win.cc(73)] ReadMemory at 0x2467f6b5d30 of 60 bytes failed: Only part of a ReadProcessMemory or WriteProcessMemory request was completed. (0x12B)
[0113/141508.082:ERROR:process_memory_win.cc(73)] ReadMemory at 0x2467f6b7360 of 132 bytes failed: Only part of a ReadProcessMemory or WriteProcessMemory request was completed. (0x12B)
[0113/141508.082:ERROR:process_memory_win.cc(73)] ReadMemory at 0x2467f6b7490 of 132 bytes failed: Only part of a ReadProcessMemory or WriteProcessMemory request was completed. (0x12B)
[0113/141508.083:ERROR:process_memory_win.cc(73)] ReadMemory at 0x2467f6b7750 of 132 bytes failed: Only part of a ReadProcessMemory or WriteProcessMemory request was completed. (0x12B)
[0113/141508.083:ERROR:process_memory_win.cc(73)] ReadMemory at 0x2467f6b9d50 of 132 bytes failed: Only part of a ReadProcessMemory or WriteProcessMemory request was completed. (0x12B)
[0113/141508.083:ERROR:process_memory_win.cc(73)] ReadMemory at 0x2467f6b9e80 of 132 bytes failed: Only part of a ReadProcessMemory or WriteProcessMemory request was completed. (0x12B)
[0113/141508.083:ERROR:process_memory_win.cc(73)] ReadMemory at 0x2467f6ba010 of 80 bytes failed: Only part of a ReadProcessMemory or WriteProcessMemory request was completed. (0x12B)
[0113/141508.083:ERROR:process_memory_win.cc(73)] ReadMemory at 0x2467f6ba1b0 of 62 bytes failed: Only part of a ReadProcessMemory or WriteProcessMemory request was completed. (0x12B)
[0113/141508.084:ERROR:process_memory_win.cc(73)] ReadMemory at 0x2467f6ba200 of 62 bytes failed: Only part of a ReadProcessMemory or WriteProcessMemory request was completed. (0x12B)
[0113/141508.084:ERROR:process_memory_win.cc(73)] ReadMemory at 0x2467f6ba250 of 62 bytes failed: Only part of a ReadProcessMemory or WriteProcessMemory request was completed. (0x12B)
[0113/141508.084:ERROR:process_memory_win.cc(73)] ReadMemory at 0x2467f6ba2a0 of 64 bytes failed: Only part of a ReadProcessMemory or WriteProcessMemory request was completed. (0x12B)
[0113/141508.084:ERROR:process_memory_win.cc(73)] ReadMemory at 0x2467f6ba2f0 of 58 bytes failed: Only part of a ReadProcessMemory or WriteProcessMemory request was completed. (0x12B)
[0113/141508.084:ERROR:process_memory_win.cc(73)] ReadMemory at 0x2467f6ba340 of 64 bytes failed: Only part of a ReadProcessMemory or WriteProcessMemory request was completed. (0x12B)
[0113/141508.084:ERROR:process_memory_win.cc(73)] ReadMemory at 0x2467f6ba390 of 62 bytes failed: Only part of a ReadProcessMemory or WriteProcessMemory request was completed. (0x12B)
[0113/141508.084:ERROR:process_memory_win.cc(73)] ReadMemory at 0x2467f6ba3e0 of 62 bytes failed: Only part of a ReadProcessMemory or WriteProcessMemory request was completed. (0x12B)
[0113/141508.085:ERROR:process_memory_win.cc(73)] ReadMemory at 0x2467f6ba430 of 60 bytes failed: Only part of a ReadProcessMemory or WriteProcessMemory request was completed. (0x12B)
[0113/141508.085:ERROR:process_memory_win.cc(73)] ReadMemory at 0x2467f6ba4d0 of 60 bytes failed: Only part of a ReadProcessMemory or WriteProcessMemory request was completed. (0x12B)
[0113/141508.085:ERROR:process_memory_win.cc(73)] ReadMemory at 0x2467f6ba520 of 66 bytes failed: Only part of a ReadProcessMemory or WriteProcessMemory request was completed. (0x12B)
[0113/141508.085:ERROR:process_memory_win.cc(73)] ReadMemory at 0x2467f6ba570 of 60 bytes failed: Only part of a ReadProcessMemory or WriteProcessMemory request was completed. (0x12B)
[0113/141508.085:ERROR:process_memory_win.cc(73)] ReadMemory at 0x2467f6ba5c0 of 64 bytes failed: Only part of a ReadProcessMemory or WriteProcessMemory request was completed. (0x12B)
[0113/141508.085:ERROR:process_memory_win.cc(73)] ReadMemory at 0x2467f6ba660 of 64 bytes failed: Only part of a ReadProcessMemory or WriteProcessMemory request was completed. (0x12B)
[0113/141508.086:ERROR:process_memory_win.cc(73)] ReadMemory at 0x2467f6ba700 of 62 bytes failed: Only part of a ReadProcessMemory or WriteProcessMemory request was completed. (0x12B)
[0113/141508.086:ERROR:process_memory_win.cc(73)] ReadMemory at 0x2467f6ba7a0 of 62 bytes failed: Only part of a ReadProcessMemory or WriteProcessMemory request was completed. (0x12B)
[0113/141508.086:ERROR:process_memory_win.cc(73)] ReadMemory at 0x2467f6ba7f0 of 60 bytes failed: Only part of a ReadProcessMemory or WriteProcessMemory request was completed. (0x12B)
[0113/141508.086:ERROR:process_memory_win.cc(73)] ReadMemory at 0x2467f6ba840 of 64 bytes failed: Only part of a ReadProcessMemory or WriteProcessMemory request was completed. (0x12B)
[0113/141508.086:ERROR:process_memory_win.cc(73)] ReadMemory at 0x2467f6ba890 of 64 bytes failed: Only part of a ReadProcessMemory or WriteProcessMemory request was completed. (0x12B)
[0113/141508.086:ERROR:process_memory_win.cc(73)] ReadMemory at 0x2467f6ba8e0 of 62 bytes failed: Only part of a ReadProcessMemory or WriteProcessMemory request was completed. (0x12B)
[0113/141508.086:ERROR:process_memory_win.cc(73)] ReadMemory at 0x2467f6badc0 of 132 bytes failed: Only part of a ReadProcessMemory or WriteProcessMemory request was completed. (0x12B)
[0113/141508.086:ERROR:process_memory_win.cc(73)] ReadMemory at 0x2467f6baef0 of 132 bytes failed: Only part of a ReadProcessMemory or WriteProcessMemory request was completed. (0x12B)
[0113/141508.086:ERROR:process_memory_win.cc(73)] ReadMemory at 0x2467f6bb020 of 132 bytes failed: Only part of a ReadProcessMemory or WriteProcessMemory request was completed. (0x12B)
[0113/141508.086:ERROR:process_memory_win.cc(73)] ReadMemory at 0x2467f6bb280 of 132 bytes failed: Only part of a ReadProcessMemory or WriteProcessMemory request was completed. (0x12B)
[0113/141508.087:ERROR:process_memory_win.cc(73)] ReadMemory at 0x2467f6bb3b0 of 132 bytes failed: Only part of a ReadProcessMemory or WriteProcessMemory request was completed. (0x12B)
[0113/141508.087:ERROR:process_memory_win.cc(73)] ReadMemory at 0x2467f6bb4e0 of 132 bytes failed: Only part of a ReadProcessMemory or WriteProcessMemory request was completed. (0x12B)
[0113/141508.087:ERROR:process_memory_win.cc(73)] ReadMemory at 0x2467f6bb610 of 132 bytes failed: Only part of a ReadProcessMemory or WriteProcessMemory request was completed. (0x12B)
[0113/141508.087:ERROR:process_memory_win.cc(73)] ReadMemory at 0x2467f6bb740 of 132 bytes failed: Only part of a ReadProcessMemory or WriteProcessMemory request was completed. (0x12B)
[0113/141508.087:ERROR:process_memory_win.cc(73)] ReadMemory at 0x2467f6bb870 of 132 bytes failed: Only part of a ReadProcessMemory or WriteProcessMemory request was completed. (0x12B)
[0113/141508.087:ERROR:process_memory_win.cc(73)] ReadMemory at 0x2467f6bb9a0 of 132 bytes failed: Only part of a ReadProcessMemory or WriteProcessMemory request was completed. (0x12B)
[0113/141508.087:ERROR:process_memory_win.cc(73)] ReadMemory at 0x2467f6bbad0 of 132 bytes failed: Only part of a ReadProcessMemory or WriteProcessMemory request was completed. (0x12B)
[0113/141508.087:ERROR:process_memory_win.cc(73)] ReadMemory at 0x2467f6bbc00 of 132 bytes failed: Only part of a ReadProcessMemory or WriteProcessMemory request was completed. (0x12B)
[0113/141508.087:ERROR:process_memory_win.cc(73)] ReadMemory at 0x2467f6bd2c0 of 132 bytes failed: Only part of a ReadProcessMemory or WriteProcessMemory request was completed. (0x12B)
[0113/141508.088:ERROR:process_memory_win.cc(73)] ReadMemory at 0x2467f6bd490 of 512 bytes failed: Only part of a ReadProcessMemory or WriteProcessMemory request was completed. (0x12B)
[0113/141508.088:ERROR:process_memory_win.cc(73)] ReadMemory at 0x2467f6bdce0 of 132 bytes failed: Only part of a ReadProcessMemory or WriteProcessMemory request was completed. (0x12B)
[0113/141508.088:ERROR:process_memory_win.cc(73)] ReadMemory at 0x2467f6bde10 of 132 bytes failed: Only part of a ReadProcessMemory or WriteProcessMemory request was completed. (0x12B)
[0113/141508.088:ERROR:process_memory_win.cc(73)] ReadMemory at 0x2467f6bfec0 of 132 bytes failed: Only part of a ReadProcessMemory or WriteProcessMemory request was completed. (0x12B)
[0113/141508.088:ERROR:process_memory_win.cc(73)] ReadMemory at 0x2467f6c0940 of 54 bytes failed: Only part of a ReadProcessMemory or WriteProcessMemory request was completed. (0x12B)
[0113/141508.088:ERROR:process_memory_win.cc(73)] ReadMemory at 0x2467f6c65f0 of 76 bytes failed: Only part of a ReadProcessMemory or WriteProcessMemory request was completed. (0x12B)
[0113/141508.088:ERROR:process_memory_win.cc(73)] ReadMemory at 0x2467f6c6cc0 of 132 bytes failed: Only part of a ReadProcessMemory or WriteProcessMemory request was completed. (0x12B)
[0113/141508.088:ERROR:process_memory_win.cc(73)] ReadMemory at 0x2467f6c6df0 of 132 bytes failed: Only part of a ReadProcessMemory or WriteProcessMemory request was completed. (0x12B)
[0113/141508.088:ERROR:process_memory_win.cc(73)] ReadMemory at 0x2467f6c6f20 of 132 bytes failed: Only part of a ReadProcessMemory or WriteProcessMemory request was completed. (0x12B)
[0113/141508.089:ERROR:process_memory_win.cc(73)] ReadMemory at 0x2467f6c7050 of 132 bytes failed: Only part of a ReadProcessMemory or WriteProcessMemory request was completed. (0x12B)
[0113/141508.089:ERROR:process_memory_win.cc(73)] ReadMemory at 0x2467f6c72b0 of 132 bytes failed: Only part of a ReadProcessMemory or WriteProcessMemory request was completed. (0x12B)
[0113/141508.089:ERROR:process_memory_win.cc(73)] ReadMemory at 0x2467f6c7510 of 132 bytes failed: Only part of a ReadProcessMemory or WriteProcessMemory request was completed. (0x12B)
[0113/141508.089:ERROR:process_memory_win.cc(73)] ReadMemory at 0x2467f6c7640 of 132 bytes failed: Only part of a ReadProcessMemory or WriteProcessMemory request was completed. (0x12B)
[0113/141508.089:ERROR:process_memory_win.cc(73)] ReadMemory at 0x2467f6c78a0 of 132 bytes failed: Only part of a ReadProcessMemory or WriteProcessMemory request was completed. (0x12B)
[0113/141508.089:ERROR:process_memory_win.cc(73)] ReadMemory at 0x2467f6c8220 of 132 bytes failed: Only part of a ReadProcessMemory or WriteProcessMemory request was completed. (0x12B)
[0113/141508.089:ERROR:process_memory_win.cc(73)] ReadMemory at 0x2467f6c8bb0 of 60 bytes failed: Only part of a ReadProcessMemory or WriteProcessMemory request was completed. (0x12B)
[0113/141508.089:ERROR:process_memory_win.cc(73)] ReadMemory at 0x2467f6c8e30 of 64 bytes failed: Only part of a ReadProcessMemory or WriteProcessMemory request was completed. (0x12B)
[0113/141508.089:ERROR:process_memory_win.cc(73)] ReadMemory at 0x2467f6c8fc0 of 66 bytes failed: Only part of a ReadProcessMemory or WriteProcessMemory request was completed. (0x12B)
[0113/141508.089:ERROR:process_memory_win.cc(73)] ReadMemory at 0x2467f6c9290 of 62 bytes failed: Only part of a ReadProcessMemory or WriteProcessMemory request was completed. (0x12B)
[0113/141508.090:ERROR:process_memory_win.cc(73)] ReadMemory at 0x2467f6c93d0 of 62 bytes failed: Only part of a ReadProcessMemory or WriteProcessMemory request was completed. (0x12B)
[0113/141508.090:ERROR:process_memory_win.cc(73)] ReadMemory at 0x2467f6c96a0 of 60 bytes failed: Only part of a ReadProcessMemory or WriteProcessMemory request was completed. (0x12B)
[0113/141508.090:ERROR:process_memory_win.cc(73)] ReadMemory at 0x2467f6c9740 of 64 bytes failed: Only part of a ReadProcessMemory or WriteProcessMemory request was completed. (0x12B)
[0113/141508.090:ERROR:process_memory_win.cc(73)] ReadMemory at 0x2467f6ea3d0 of 512 bytes failed: Only part of a ReadProcessMemory or WriteProcessMemory request was completed. (0x12B)
[0113/141508.090:ERROR:process_memory_win.cc(73)] ReadMemory at 0x2467f6eb340 of 512 bytes failed: Only part of a ReadProcessMemory or WriteProcessMemory request was completed. (0x12B)
[0113/141508.090:ERROR:process_memory_win.cc(73)] ReadMemory at 0x395d36a450d1 of 512 bytes failed: Only part of a ReadProcessMemory or WriteProcessMemory request was completed. (0x12B)
[0113/141508.090:ERROR:process_memory_win.cc(73)] ReadMemory at 0x4f843e5d1c39 of 512 bytes failed: Only part of a ReadProcessMemory or WriteProcessMemory request was completed. (0x12B)
[0113/141508.090:ERROR:process_memory_win.cc(73)] ReadMemory at 0x6798ac1b1209 of 512 bytes failed: Only part of a ReadProcessMemory or WriteProcessMemory request was completed. (0x12B)
[0113/141508.090:ERROR:process_memory_win.cc(73)] ReadMemory at 0x7ffadb1f8c73 of 512 bytes failed: Only part of a ReadProcessMemory or WriteProcessMemory request was completed. (0x12B)
[0113/141508.090:ERROR:process_memory_win.cc(73)] ReadMemory at 0x7ffadf5627cc of 512 bytes failed: Only part of a ReadProcessMemory or WriteProcessMemory request was completed. (0x12B)
[0113/141508.091:ERROR:process_memory_win.cc(73)] ReadMemory at 0x7ffaff467bc3 of 512 bytes failed: Only part of a ReadProcessMemory or WriteProcessMemory request was completed. (0x12B)
[0113/141508.091:ERROR:process_memory_win.cc(73)] ReadMemory at 0x7ffaff4683ba of 512 bytes failed: Only part of a ReadProcessMemory or WriteProcessMemory request was completed. (0x12B)
[0113/141508.091:ERROR:process_memory_win.cc(73)] ReadMemory at 0x7ffb2d5e09e0 of 512 bytes failed: Only part of a ReadProcessMemory or WriteProcessMemory request was completed. (0x12B)
[0113/141508.091:ERROR:process_memory_win.cc(73)] ReadMemory at 0x7ffb2d5e12d0 of 512 bytes failed: Only part of a ReadProcessMemory or WriteProcessMemory request was completed. (0x12B)
[0113/141508.091:ERROR:process_memory_win.cc(73)] ReadMemory at 0x7ffb2d5e30c0 of 512 bytes failed: Only part of a ReadProcessMemory or WriteProcessMemory request was completed. (0x12B)
[0113/141508.091:ERROR:process_memory_win.cc(73)] ReadMemory at 0x7ffb2d659ef4 of 672 bytes failed: Only part of a ReadProcessMemory or WriteProcessMemory request was completed. (0x12B)
[0113/141508.091:ERROR:process_memory_win.cc(73)] ReadMemory at 0x7ffb2d65d764 of 608 bytes failed: Only part of a ReadProcessMemory or WriteProcessMemory request was completed. (0x12B)
[0113/141508.091:ERROR:process_memory_win.cc(73)] ReadMemory at 0x7ffb2d6e3810 of 18 bytes failed: Only part of a ReadProcessMemory or WriteProcessMemory request was completed. (0x12B)
[0113/141508.091:ERROR:process_memory_win.cc(73)] ReadMemory at 0x7ffb2d7164e0 of 40 bytes failed: Only part of a ReadProcessMemory or WriteProcessMemory request was completed. (0x12B)
[0113/141508.092:ERROR:process_memory_win.cc(73)] ReadMemory at 0x7ffb2d716938 of 48 bytes failed: Only part of a ReadProcessMemory or WriteProcessMemory request was completed. (0x12B)
[0113/141508.092:ERROR:process_memory_win.cc(73)] ReadMemory at 0x7ffb2d71c360 of 64 bytes failed: Only part of a ReadProcessMemory or WriteProcessMemory request was completed. (0x12B)
[0113/141508.110:ERROR:scoped_process_suspend.cc(40)] NtResumeProcess: An attempt was made to access an exiting process. (0xc000010a)
